[debug] [2025-01-17T05:11:33.583Z] ----------------------------------------------------------------------
[debug] [2025-01-17T05:11:33.586Z] Command:       C:\Program Files\nodejs\node.exe C:\Users\rohit\AppData\Roaming\npm\node_modules\firebase-tools\lib\bin\firebase.js init
[debug] [2025-01-17T05:11:33.586Z] CLI Version:   13.29.1
[debug] [2025-01-17T05:11:33.587Z] Platform:      win32
[debug] [2025-01-17T05:11:33.587Z] Node Version:  v20.11.1
[debug] [2025-01-17T05:11:33.587Z] Time:          Fri Jan 17 2025 10:41:33 GMT+0530 (India Standard Time)
[debug] [2025-01-17T05:11:33.587Z] ----------------------------------------------------------------------
[debug] 
[debug] [2025-01-17T05:11:33.640Z] > command requires scopes: ["email","openid","https://www.googleapis.com/auth/cloudplatformprojects.readonly","https://www.googleapis.com/auth/firebase","https://www.googleapis.com/auth/cloud-platform"]
[debug] [2025-01-17T05:11:33.640Z] > authorizing via signed-in user (rohit.k.chauhan1997@gmail.com)
[info] 
     ######## #### ########  ######## ########     ###     ######  ########
     ##        ##  ##     ## ##       ##     ##  ##   ##  ##       ##
     ######    ##  ########  ######   ########  #########  ######  ######
     ##        ##  ##    ##  ##       ##     ## ##     ##       ## ##
     ##       #### ##     ## ######## ########  ##     ##  ######  ########

You're about to initialize a Firebase project in this directory:

  D:\rohit portfolio\my-portfolio

Before we get started, keep in mind:

  * You are initializing within an existing Firebase project directory

